<?xml version="1.0" encoding="UTF-8"?>
<!-- Generated by org.testng.reporters.JUnitXMLReporter -->
<testsuite ignored="2" hostname="DESKTOP-TL25OI3" failures="3" tests="27" name="Test" time="461.08" errors="0" timestamp="2025-06-19T01:28:15 IST">
  <testcase classname="tests.LoginTests" name="verifyUsernameLabelText" time="0.086">
    <failure type="java.lang.AssertionError" message="Username label mismatch expected [E-Mail Address] but found []">
      <![CDATA[java.lang.AssertionError: Username label mismatch expected [E-Mail Address] but found []
at tests.LoginTests.verifyUsernameLabelText(LoginTests.java:26)
at java.base/java.util.ArrayList.forEach(ArrayList.java:1596)
... Removed 30 stack frames]]>
    </failure>
  </testcase> <!-- verifyUsernameLabelText -->
  <testcase classname="tests.LoginTests" name="verifyPasswordLabelText" time="0.091"/>
  <testcase classname="tests.LoginTests" name="verifyEmailPlaceholder" time="0.041"/>
  <testcase classname="tests.LoginTests" name="verifyPasswordPlaceholder" time="0.047"/>
  <testcase classname="tests.LoginTests" name="verifyEyeIconVisibility" time="0.042"/>
  <testcase classname="tests.LoginTests" name="verifyForgotPasswordLink" time="0.054"/>
  <testcase classname="tests.LoginTests" name="verifyLoginButtonProperties" time="0.103"/>
  <testcase classname="tests.LoginTests" name="verifyLoginButtonColor" time="5.851"/>
  <testcase classname="tests.LoginTests" name="verifyLoginButtonSize" time="0.071"/>
  <testcase classname="tests.LoginTests" name="verifyEmailInputBelowLabel" time="0.082"/>
  <testcase classname="tests.LoginTests" name="verifyPasswordInputBelowLabel" time="0.05"/>
  <testcase classname="tests.LoginTests" name="verifyEmailLabelAboveInput" time="0.058"/>
  <testcase classname="tests.LoginTests" name="verifyPasswordLabelAboveInput" time="0.072"/>
  <testcase classname="tests.LoginTests" name="verifyPasswordLabelBelowEmailError" time="6.641"/>
  <testcase classname="tests.LoginTests" name="verifyForgotPasswordLinkBelowError" time="0.059"/>
  <testcase classname="tests.LoginTests" name="verifyLoginButtonBelowForgotPasswordLink" time="0.068"/>
  <testcase classname="tests.LoginTests" name="loginWithBlankUsernameAndPassword" time="0.82"/>
  <testcase classname="tests.LoginTests" name="loginWithBlankEmail" time="0.81"/>
  <testcase classname="tests.LoginTests" name="loginWithBlankPassword" time="0.768"/>
  <testcase classname="tests.LoginTests" name="loginWithInvalidPassword" time="1.845"/>
  <testcase classname="tests.LoginTests" name="loginWithValidCredentials" time="13.089"/>
  <testcase classname="tests.DashboardTest" name="verifyTopNavigationMenusVisibility" time="28.8"/>
  <testcase classname="tests.DashboardTest" name="verifyTopNavigationMenusClickable" time="26.144"/>
  <testcase classname="tests.DashboardTest" name="verifyRecentlyAddedSectionVisible" time="56.199">
    <failure type="java.lang.AssertionError" message="&amp;apos;Recently Added&amp;apos; section should be visible. expected [true] but found [false]">
      <![CDATA[java.lang.AssertionError: 'Recently Added' section should be visible. expected [true] but found [false]
at tests.DashboardTest.verifyRecentlyAddedSectionVisible(DashboardTest.java:73)
at java.base/java.util.ArrayList.forEach(ArrayList.java:1596)
... Removed 28 stack frames]]>
    </failure>
  </testcase> <!-- verifyRecentlyAddedSectionVisible -->
  <testcase classname="tests.DashboardTest" name="verifyRecentlyAddedHeading" time="26.892">
    <failure type="java.lang.AssertionError" message="Heading should match exactly. expected [Recently Added] but found [[Missing]]">
      <![CDATA[java.lang.AssertionError: Heading should match exactly. expected [Recently Added] but found [[Missing]]
at tests.DashboardTest.verifyRecentlyAddedHeading(DashboardTest.java:85)
at java.base/java.util.ArrayList.forEach(ArrayList.java:1596)
... Removed 30 stack frames]]>
    </failure>
  </testcase> <!-- verifyRecentlyAddedHeading -->
  <testcase classname="tests.DashboardTest" name="verifyRecentlyAddedLectureCount" time="15.89"/>
  <testcase classname="tests.DashboardTest" name="verifyEachRecentlyAddedLectureDetails" time="20.72"/>
  <testcase classname="tests.BaseTest" name="@AfterSuite afterSuite" time="0.0">
    <ignored/>
  </testcase> <!-- @AfterSuite afterSuite -->
  <testcase classname="tests.BaseTest" name="@BeforeSuite beforeSuite" time="0.0">
    <ignored/>
  </testcase> <!-- @BeforeSuite beforeSuite -->
</testsuite> <!-- Test -->
