<?xml version="1.0" encoding="UTF-8"?>
<!-- Generated by org.testng.reporters.JUnitReportReporter -->
<testsuite hostname="DESKTOP-TL25OI3" failures="1" tests="21" name="tests.LoginTests" time="232.313" errors="0" timestamp="2025-06-19T01:28:17 IST" skipped="0">
  <testcase classname="tests.LoginTests" name="verifyUsernameLabelText" time="8.411">
    <failure message="Username label mismatch expected [E-Mail Address] but found []" type="java.lang.AssertionError">
      <![CDATA[java.lang.AssertionError: Username label mismatch expected [E-Mail Address] but found []
at org.testng.Assert.fail(Assert.java:111)
at org.testng.Assert.failNotEquals(Assert.java:1578)
at org.testng.Assert.assertEqualsImpl(Assert.java:150)
at org.testng.Assert.assertEquals(Assert.java:132)
at org.testng.Assert.assertEquals(Assert.java:656)
at tests.LoginTests.verifyUsernameLabelText(LoginTests.java:26)
at java.base/jdk.internal.reflect.DirectMethodHandleAccessor.invoke(DirectMethodHandleAccessor.java:103)
at java.base/java.lang.reflect.Method.invoke(Method.java:580)
at org.testng.internal.invokers.MethodInvocationHelper.invokeMethod(MethodInvocationHelper.java:139)
at org.testng.internal.invokers.TestInvoker.invokeMethod(TestInvoker.java:664)
at org.testng.internal.invokers.TestInvoker.invokeTestMethod(TestInvoker.java:228)
at org.testng.internal.invokers.MethodRunner.runInSequence(MethodRunner.java:63)
at org.testng.internal.invokers.TestInvoker$MethodInvocationAgent.invoke(TestInvoker.java:961)
at org.testng.internal.invokers.TestInvoker.invokeTestMethods(TestInvoker.java:201)
at org.testng.internal.invokers.TestMethodWorker.invokeTestMethods(TestMethodWorker.java:148)
at org.testng.internal.invokers.TestMethodWorker.run(TestMethodWorker.java:128)
at java.base/java.util.ArrayList.forEach(ArrayList.java:1596)
at org.testng.TestRunner.privateRun(TestRunner.java:819)
at org.testng.TestRunner.run(TestRunner.java:619)
at org.testng.SuiteRunner.runTest(SuiteRunner.java:443)
at org.testng.SuiteRunner.runSequentially(SuiteRunner.java:437)
at org.testng.SuiteRunner.privateRun(SuiteRunner.java:397)
at org.testng.SuiteRunner.run(SuiteRunner.java:336)
at org.testng.SuiteRunnerWorker.runSuite(SuiteRunnerWorker.java:52)
at org.testng.SuiteRunnerWorker.run(SuiteRunnerWorker.java:95)
at org.testng.TestNG.runSuitesSequentially(TestNG.java:1301)
at org.testng.TestNG.runSuitesLocally(TestNG.java:1228)
at org.testng.TestNG.runSuites(TestNG.java:1134)
at org.testng.TestNG.run(TestNG.java:1101)
at org.testng.remote.AbstractRemoteTestNG.run(AbstractRemoteTestNG.java:115)
at org.testng.remote.RemoteTestNG.initAndRun(RemoteTestNG.java:251)
at org.testng.remote.RemoteTestNG.main(RemoteTestNG.java:77)
]]>
    </failure>
  </testcase> <!-- verifyUsernameLabelText -->
  <testcase classname="tests.LoginTests" name="verifyPasswordLabelText" time="8.556"/>
  <testcase classname="tests.LoginTests" name="verifyEmailPlaceholder" time="16.080"/>
  <testcase classname="tests.LoginTests" name="verifyPasswordPlaceholder" time="8.248"/>
  <testcase classname="tests.LoginTests" name="verifyEyeIconVisibility" time="9.310"/>
  <testcase classname="tests.LoginTests" name="verifyForgotPasswordLink" time="9.679"/>
  <testcase classname="tests.LoginTests" name="verifyLoginButtonProperties" time="9.279"/>
  <testcase classname="tests.LoginTests" name="verifyLoginButtonColor" time="14.509"/>
  <testcase classname="tests.LoginTests" name="verifyLoginButtonSize" time="8.908"/>
  <testcase classname="tests.LoginTests" name="verifyEmailInputBelowLabel" time="11.298"/>
  <testcase classname="tests.LoginTests" name="verifyPasswordInputBelowLabel" time="8.128"/>
  <testcase classname="tests.LoginTests" name="verifyEmailLabelAboveInput" time="10.036"/>
  <testcase classname="tests.LoginTests" name="verifyPasswordLabelAboveInput" time="3.888"/>
  <testcase classname="tests.LoginTests" name="verifyPasswordLabelBelowEmailError" time="15.261"/>
  <testcase classname="tests.LoginTests" name="verifyForgotPasswordLinkBelowError" time="15.784"/>
  <testcase classname="tests.LoginTests" name="verifyLoginButtonBelowForgotPasswordLink" time="9.299"/>
  <testcase classname="tests.LoginTests" name="loginWithBlankUsernameAndPassword" time="9.311"/>
  <testcase classname="tests.LoginTests" name="loginWithBlankEmail" time="19.084"/>
  <testcase classname="tests.LoginTests" name="loginWithBlankPassword" time="4.890"/>
  <testcase classname="tests.LoginTests" name="loginWithInvalidPassword" time="10.046"/>
  <testcase classname="tests.LoginTests" name="loginWithValidCredentials" time="22.308"/>
</testsuite> <!-- tests.LoginTests -->
